<?xml version="1.0" encoding="UTF-8" standalone="no"?>
<testsuite errors="0" failures="0" name="io.cucumber.core.plugin.JUnitFormatter" skipped="0" tests="8" time="66.678">
    <testcase classname="Notifications" name="We will Test if counters are working properly for Title and Body" time="6.177">
        <system-out>
            <![CDATA[Given User is at Notifications Page.........................................passed
And counter values are set to default.......................................passed
When User enters title as "a"...............................................passed
Then title count is accurate................................................passed
When User enters body as "This".............................................passed
Then Body count is accurate.................................................passed
]]>
        </system-out>
    </testcase>
    <testcase classname="Notifications" name="We will Test if counters are working properly for Title and Body 2" time="5.438">
        <system-out>
            <![CDATA[Given User is at Notifications Page.........................................passed
And counter values are set to default.......................................passed
When User enters title as "The title is"....................................passed
Then title count is accurate................................................passed
When User enters body as "This body is".....................................passed
Then Body count is accurate.................................................passed
]]>
        </system-out>
    </testcase>
    <testcase classname="Notifications" name="We will Test if counters are working properly for Title and Body 3" time="6.146">
        <system-out>
            <![CDATA[Given User is at Notifications Page.........................................passed
And counter values are set to default.......................................passed
When User enters title as "QA Test Notification"............................passed
Then title count is accurate................................................passed
When User enters body as "QA Test Notification".............................passed
Then Body count is accurate.................................................passed
]]>
        </system-out>
    </testcase>
    <testcase classname="Notifications" name="We will Test if Send button is disabled when screen loads" time="10.301">
        <system-out>
            <![CDATA[Given User is at Notifications Page.........................................passed
When Title is blank.........................................................passed
And Body Is blank...........................................................passed
Then Send Button is disabled................................................passed
]]>
        </system-out>
    </testcase>
    <testcase classname="Notifications" name="We will Test if Send button is disabled when Title is Blank" time="8.879">
        <system-out>
            <![CDATA[Given User is at Notifications Page.........................................passed
When Title is blank.........................................................passed
And Body Is not blank.......................................................passed
Then Send Button is disabled................................................passed
]]>
        </system-out>
    </testcase>
    <testcase classname="Notifications" name="We will Test if Send button is disabled when Body is Blank" time="8.239">
        <system-out>
            <![CDATA[Given User is at Notifications Page.........................................passed
When Title is not blank.....................................................passed
And Body Is blank...........................................................passed
Then Send Button is disabled................................................passed
]]>
        </system-out>
    </testcase>
    <testcase classname="Notifications" name="We will Test if Send button is disabled when Confirmation field is Blank" time="12.824">
        <system-out>
            <![CDATA[Given User is at Notifications Page.........................................passed
When Title is not blank.....................................................passed
And Body Is blank...........................................................passed
Then Send Button is disabled................................................passed
]]>
        </system-out>
    </testcase>
    <testcase classname="Notifications" name="We will Test if Send button is enabled when Confirmation field is filled" time="7.091">
        <system-out>
            <![CDATA[Given User is at Notifications Page.........................................passed
When Title is not blank.....................................................passed
And Body Is not blank.......................................................passed
Then Send Button is disabled................................................passed
When Confirmation field is updated..........................................passed
Then Send Button is enabled.................................................passed
]]>
        </system-out>
    </testcase>
</testsuite>
