<?xml version="1.0" encoding="UTF-8" standalone="no"?>
<testsuite errors="0" failures="2" name="io.cucumber.core.plugin.JUnitFormatter" skipped="0" tests="9" time="39.833">
    <testcase classname="Login" name="We will Test Login Scenarios with wrong username formats" time="11.617">
        <system-out>
            <![CDATA[Given User is at Login Page.................................................passed
When User enters username as "a"............................................passed
Then User gets a Validation Message for username............................passed
]]>
        </system-out>
    </testcase>
    <testcase classname="Login" name="We will Test Login Scenarios with wrong username formats 2" time="3.27">
        <system-out>
            <![CDATA[Given User is at Login Page.................................................passed
When User enters username as "a@bcg"........................................passed
Then User gets a Validation Message for username............................passed
]]>
        </system-out>
    </testcase>
    <testcase classname="Login" name="We will Test Login Scenarios with wrong username formats 3" time="4.342">
        <system-out>
            <![CDATA[Given User is at Login Page.................................................passed
When User enters username as "@bc"..........................................passed
Then User gets a Validation Message for username............................passed
]]>
        </system-out>
    </testcase>
    <testcase classname="Login" name="We will Test Login Scenarios with wrong username formats 4" time="3.374">
        <system-out>
            <![CDATA[Given User is at Login Page.................................................passed
When User enters username as "ab.com".......................................passed
Then User gets a Validation Message for username............................passed
]]>
        </system-out>
    </testcase>
    <testcase classname="Login" name="We will Test Login Scenarios with blank password" time="3.392">
        <system-out>
            <![CDATA[Given User is at Login Page.................................................passed
When User enters username as "test@chainsys.com"............................passed
And User enters blank password..............................................passed
Then User gets a Validation Message for password............................passed
]]>
        </system-out>
    </testcase>
    <testcase classname="Login" name="We will Test Login Scenarios with blank password 2" time="3.176">
        <system-out>
            <![CDATA[Given User is at Login Page.................................................passed
When User enters username as "test@"........................................passed
And User enters blank password..............................................passed
Then User gets a Validation Message for password............................passed
]]>
        </system-out>
    </testcase>
    <testcase classname="Login" name="We will Test Login Scenarios with incorrect username and password" time="3.236">
        <failure message="no such element: Unable to locate element: {&quot;method&quot;:&quot;xpath&quot;,&quot;selector&quot;:&quot;//div[@class='Toastify__toast Toastify__toast-theme--light Toastify__toast--default']&quot;}&#10;  (Session info: chrome=113.0.5672.126)&#10;For documentation on this error, please visit: https://selenium.dev/exceptions/#no_such_element&#10;Build info: version: '4.8.3', revision: 'e5e76298c3'&#10;System info: os.name: 'Mac OS X', os.arch: 'x86_64', os.version: '10.15.7', java.version: '11.0.11'&#10;Driver info: org.openqa.selenium.chrome.ChromeDriver&#10;Command: [1b222b6f5ba2752c4af4b821d645381c, findElement {using=xpath, value=//div[@class='Toastify__toast Toastify__toast-theme--light Toastify__toast--default']}]&#10;Capabilities {acceptInsecureCerts: false, browserName: chrome, browserVersion: 113.0.5672.126, chrome: {chromedriverVersion: 113.0.5672.63 (0e1a4471d5ae..., userDataDir: /var/folders/_t/wbqmj45978v...}, goog:chromeOptions: {debuggerAddress: localhost:51988}, networkConnectionEnabled: false, pageLoadStrategy: normal, platformName: MAC, proxy: Proxy(), se:cdp: ws://localhost:51988/devtoo..., se:cdpVersion: 113.0.5672.126, setWindowRect: true, strictFileInteractability: false, timeouts: {implicit: 0, pageLoad: 300000, script: 30000}, unhandledPromptBehavior: dismiss and notify, webauthn:extension:credBlob: true, webauthn:extension:largeBlob: true, webauthn:extension:minPinLength: true, webauthn:extension:prf: true, webauthn:virtualAuthenticators: true}&#10;Session ID: 1b222b6f5ba2752c4af4b821d645381c" type="org.openqa.selenium.NoSuchElementException">
            <![CDATA[Given User is at Login Page.................................................passed
When User enters username as "test@chainsys.com"............................passed
And User enters password as "<Password>"....................................passed
Then User should get a Toast notification...................................failed

StackTrace:
org.openqa.selenium.NoSuchElementException: no such element: Unable to locate element: {"method":"xpath","selector":"//div[@class='Toastify__toast Toastify__toast-theme--light Toastify__toast--default']"}
  (Session info: chrome=113.0.5672.126)
For documentation on this error, please visit: https://selenium.dev/exceptions/#no_such_element
Build info: version: '4.8.3', revision: 'e5e76298c3'
System info: os.name: 'Mac OS X', os.arch: 'x86_64', os.version: '10.15.7', java.version: '11.0.11'
Driver info: org.openqa.selenium.chrome.ChromeDriver
Command: [1b222b6f5ba2752c4af4b821d645381c, findElement {using=xpath, value=//div[@class='Toastify__toast Toastify__toast-theme--light Toastify__toast--default']}]
Capabilities {acceptInsecureCerts: false, browserName: chrome, browserVersion: 113.0.5672.126, chrome: {chromedriverVersion: 113.0.5672.63 (0e1a4471d5ae..., userDataDir: /var/folders/_t/wbqmj45978v...}, goog:chromeOptions: {debuggerAddress: localhost:51988}, networkConnectionEnabled: false, pageLoadStrategy: normal, platformName: MAC, proxy: Proxy(), se:cdp: ws://localhost:51988/devtoo..., se:cdpVersion: 113.0.5672.126, setWindowRect: true, strictFileInteractability: false, timeouts: {implicit: 0, pageLoad: 300000, script: 30000}, unhandledPromptBehavior: dismiss and notify, webauthn:extension:credBlob: true, webauthn:extension:largeBlob: true, webauthn:extension:minPinLength: true, webauthn:extension:prf: true, webauthn:virtualAuthenticators: true}
Session ID: 1b222b6f5ba2752c4af4b821d645381c
	at java.base/jdk.internal.reflect.NativeConstructorAccessorImpl.newInstance0(Native Method)
	at java.base/jdk.internal.reflect.NativeConstructorAccessorImpl.newInstance(NativeConstructorAccessorImpl.java:62)
	at java.base/jdk.internal.reflect.DelegatingConstructorAccessorImpl.newInstance(DelegatingConstructorAccessorImpl.java:45)
	at java.base/java.lang.reflect.Constructor.newInstance(Constructor.java:490)
	at org.openqa.selenium.remote.codec.w3c.W3CHttpResponseCodec.createException(W3CHttpResponseCodec.java:200)
	at org.openqa.selenium.remote.codec.w3c.W3CHttpResponseCodec.decode(W3CHttpResponseCodec.java:133)
	at org.openqa.selenium.remote.codec.w3c.W3CHttpResponseCodec.decode(W3CHttpResponseCodec.java:53)
	at org.openqa.selenium.remote.HttpCommandExecutor.execute(HttpCommandExecutor.java:193)
	at org.openqa.selenium.remote.service.DriverCommandExecutor.invokeExecute(DriverCommandExecutor.java:183)
	at org.openqa.selenium.remote.service.DriverCommandExecutor.execute(DriverCommandExecutor.java:158)
	at org.openqa.selenium.remote.RemoteWebDriver.execute(RemoteWebDriver.java:543)
	at org.openqa.selenium.remote.ElementLocation$ElementFinder$2.findElement(ElementLocation.java:162)
	at org.openqa.selenium.remote.ElementLocation.findElement(ElementLocation.java:60)
	at org.openqa.selenium.remote.RemoteWebDriver.findElement(RemoteWebDriver.java:352)
	at org.openqa.selenium.remote.RemoteWebDriver.findElement(RemoteWebDriver.java:344)
	at org.openqa.selenium.support.pagefactory.DefaultElementLocator.findElement(DefaultElementLocator.java:70)
	at org.openqa.selenium.support.pagefactory.internal.LocatingElementHandler.invoke(LocatingElementHandler.java:39)
	at com.sun.proxy.$Proxy24.isDisplayed(Unknown Source)
	at flow.LoginFlow.isToastPresent(LoginFlow.java:53)
	at stepDefinition.LoginCases.user_should_get_a_toast_notification(LoginCases.java:62)
	at ✽.User should get a Toast notification(file:///Users/aubergine/Downloads/com.fanamp.org/src/test/resources/features/Login.feature:32)
]]>
        </failure>
    </testcase>
    <testcase classname="Login" name="We will Test Login Scenarios with incorrect username and password 2" time="3.727">
        <failure message="no such element: Unable to locate element: {&quot;method&quot;:&quot;xpath&quot;,&quot;selector&quot;:&quot;//div[@class='Toastify__toast Toastify__toast-theme--light Toastify__toast--default']&quot;}&#10;  (Session info: chrome=113.0.5672.126)&#10;For documentation on this error, please visit: https://selenium.dev/exceptions/#no_such_element&#10;Build info: version: '4.8.3', revision: 'e5e76298c3'&#10;System info: os.name: 'Mac OS X', os.arch: 'x86_64', os.version: '10.15.7', java.version: '11.0.11'&#10;Driver info: org.openqa.selenium.chrome.ChromeDriver&#10;Command: [39d4732b8bc667825d1d9fbf95063049, findElement {using=xpath, value=//div[@class='Toastify__toast Toastify__toast-theme--light Toastify__toast--default']}]&#10;Capabilities {acceptInsecureCerts: false, browserName: chrome, browserVersion: 113.0.5672.126, chrome: {chromedriverVersion: 113.0.5672.63 (0e1a4471d5ae..., userDataDir: /var/folders/_t/wbqmj45978v...}, goog:chromeOptions: {debuggerAddress: localhost:52006}, networkConnectionEnabled: false, pageLoadStrategy: normal, platformName: MAC, proxy: Proxy(), se:cdp: ws://localhost:52006/devtoo..., se:cdpVersion: 113.0.5672.126, setWindowRect: true, strictFileInteractability: false, timeouts: {implicit: 0, pageLoad: 300000, script: 30000}, unhandledPromptBehavior: dismiss and notify, webauthn:extension:credBlob: true, webauthn:extension:largeBlob: true, webauthn:extension:minPinLength: true, webauthn:extension:prf: true, webauthn:virtualAuthenticators: true}&#10;Session ID: 39d4732b8bc667825d1d9fbf95063049" type="org.openqa.selenium.NoSuchElementException">
            <![CDATA[Given User is at Login Page.................................................passed
When User enters username as "test10@chainsys.com"..........................passed
And User enters password as "<Password>"....................................passed
Then User should get a Toast notification...................................failed

StackTrace:
org.openqa.selenium.NoSuchElementException: no such element: Unable to locate element: {"method":"xpath","selector":"//div[@class='Toastify__toast Toastify__toast-theme--light Toastify__toast--default']"}
  (Session info: chrome=113.0.5672.126)
For documentation on this error, please visit: https://selenium.dev/exceptions/#no_such_element
Build info: version: '4.8.3', revision: 'e5e76298c3'
System info: os.name: 'Mac OS X', os.arch: 'x86_64', os.version: '10.15.7', java.version: '11.0.11'
Driver info: org.openqa.selenium.chrome.ChromeDriver
Command: [39d4732b8bc667825d1d9fbf95063049, findElement {using=xpath, value=//div[@class='Toastify__toast Toastify__toast-theme--light Toastify__toast--default']}]
Capabilities {acceptInsecureCerts: false, browserName: chrome, browserVersion: 113.0.5672.126, chrome: {chromedriverVersion: 113.0.5672.63 (0e1a4471d5ae..., userDataDir: /var/folders/_t/wbqmj45978v...}, goog:chromeOptions: {debuggerAddress: localhost:52006}, networkConnectionEnabled: false, pageLoadStrategy: normal, platformName: MAC, proxy: Proxy(), se:cdp: ws://localhost:52006/devtoo..., se:cdpVersion: 113.0.5672.126, setWindowRect: true, strictFileInteractability: false, timeouts: {implicit: 0, pageLoad: 300000, script: 30000}, unhandledPromptBehavior: dismiss and notify, webauthn:extension:credBlob: true, webauthn:extension:largeBlob: true, webauthn:extension:minPinLength: true, webauthn:extension:prf: true, webauthn:virtualAuthenticators: true}
Session ID: 39d4732b8bc667825d1d9fbf95063049
	at java.base/jdk.internal.reflect.NativeConstructorAccessorImpl.newInstance0(Native Method)
	at java.base/jdk.internal.reflect.NativeConstructorAccessorImpl.newInstance(NativeConstructorAccessorImpl.java:62)
	at java.base/jdk.internal.reflect.DelegatingConstructorAccessorImpl.newInstance(DelegatingConstructorAccessorImpl.java:45)
	at java.base/java.lang.reflect.Constructor.newInstance(Constructor.java:490)
	at org.openqa.selenium.remote.codec.w3c.W3CHttpResponseCodec.createException(W3CHttpResponseCodec.java:200)
	at org.openqa.selenium.remote.codec.w3c.W3CHttpResponseCodec.decode(W3CHttpResponseCodec.java:133)
	at org.openqa.selenium.remote.codec.w3c.W3CHttpResponseCodec.decode(W3CHttpResponseCodec.java:53)
	at org.openqa.selenium.remote.HttpCommandExecutor.execute(HttpCommandExecutor.java:193)
	at org.openqa.selenium.remote.service.DriverCommandExecutor.invokeExecute(DriverCommandExecutor.java:183)
	at org.openqa.selenium.remote.service.DriverCommandExecutor.execute(DriverCommandExecutor.java:158)
	at org.openqa.selenium.remote.RemoteWebDriver.execute(RemoteWebDriver.java:543)
	at org.openqa.selenium.remote.ElementLocation$ElementFinder$2.findElement(ElementLocation.java:162)
	at org.openqa.selenium.remote.ElementLocation.findElement(ElementLocation.java:60)
	at org.openqa.selenium.remote.RemoteWebDriver.findElement(RemoteWebDriver.java:352)
	at org.openqa.selenium.remote.RemoteWebDriver.findElement(RemoteWebDriver.java:344)
	at org.openqa.selenium.support.pagefactory.DefaultElementLocator.findElement(DefaultElementLocator.java:70)
	at org.openqa.selenium.support.pagefactory.internal.LocatingElementHandler.invoke(LocatingElementHandler.java:39)
	at com.sun.proxy.$Proxy24.isDisplayed(Unknown Source)
	at flow.LoginFlow.isToastPresent(LoginFlow.java:53)
	at stepDefinition.LoginCases.user_should_get_a_toast_notification(LoginCases.java:62)
	at ✽.User should get a Toast notification(file:///Users/aubergine/Downloads/com.fanamp.org/src/test/resources/features/Login.feature:32)
]]>
        </failure>
    </testcase>
    <testcase classname="Login" name="We will Test Login Scenarios with correct username and password" time="3.46">
        <system-out>
            <![CDATA[Given User is at Login Page.................................................passed
When User enters username as "anirudho@auberginesolutions.com"..............passed
And User enters password as "Gmail@2022"....................................passed
Then User should be redirected to page with title "<Title>".................passed
]]>
        </system-out>
    </testcase>
</testsuite>
