<?xml version="1.0" encoding="UTF-8" standalone="no"?>
<testsuite errors="0" failures="0" name="io.cucumber.core.plugin.JUnitFormatter" skipped="0" tests="9" time="45.565">
    <testcase classname="Login" name="We will Test Login Scenarios with wrong username formats" time="4.105">
        <system-out>
            <![CDATA[Given User is at Login Page.................................................passed
When User enters username as "a"............................................passed
Then User gets a Validation Message for username............................passed
]]>
        </system-out>
    </testcase>
    <testcase classname="Login" name="We will Test Login Scenarios with wrong username formats 2" time="5.789">
        <system-out>
            <![CDATA[Given User is at Login Page.................................................passed
When User enters username as "a@bcg"........................................passed
Then User gets a Validation Message for username............................passed
]]>
        </system-out>
    </testcase>
    <testcase classname="Login" name="We will Test Login Scenarios with wrong username formats 3" time="5.174">
        <system-out>
            <![CDATA[Given User is at Login Page.................................................passed
When User enters username as "@bc"..........................................passed
Then User gets a Validation Message for username............................passed
]]>
        </system-out>
    </testcase>
    <testcase classname="Login" name="We will Test Login Scenarios with wrong username formats 4" time="4.419">
        <system-out>
            <![CDATA[Given User is at Login Page.................................................passed
When User enters username as "ab.com".......................................passed
Then User gets a Validation Message for username............................passed
]]>
        </system-out>
    </testcase>
    <testcase classname="Login" name="We will Test Login Scenarios with blank password" time="3.314">
        <system-out>
            <![CDATA[Given User is at Login Page.................................................passed
When User enters username as "test@chainsys.com"............................passed
And User enters blank password..............................................passed
Then User gets a Validation Message for password............................passed
]]>
        </system-out>
    </testcase>
    <testcase classname="Login" name="We will Test Login Scenarios with blank password 2" time="3.84">
        <system-out>
            <![CDATA[Given User is at Login Page.................................................passed
When User enters username as "test@"........................................passed
And User enters blank password..............................................passed
Then User gets a Validation Message for password............................passed
]]>
        </system-out>
    </testcase>
    <testcase classname="Login" name="We will Test Login Scenarios with incorrect username and password" time="5.425">
        <system-out>
            <![CDATA[Given User is at Login Page.................................................passed
When User enters username as "test@chainsys.com"............................passed
And User enters password as "<Password>"....................................passed
Then User should get a Toast notification...................................passed
]]>
        </system-out>
    </testcase>
    <testcase classname="Login" name="We will Test Login Scenarios with incorrect username and password 2" time="5.996">
        <system-out>
            <![CDATA[Given User is at Login Page.................................................passed
When User enters username as "test10@chainsys.com"..........................passed
And User enters password as "<Password>"....................................passed
Then User should get a Toast notification...................................passed
]]>
        </system-out>
    </testcase>
    <testcase classname="Login" name="We will Test Login Scenarios with correct username and password" time="6.897">
        <system-out>
            <![CDATA[Given User is at Login Page.................................................passed
When User enters username as "anirudho@auberginesolutions.com"..............passed
And User enters password as "Gmail@2022"....................................passed
Then User should be redirected to page with title "<Title>".................passed
]]>
        </system-out>
    </testcase>
</testsuite>
